mode: set
Pismo-Go-and-AWS-Course/module_3_exercise/tarefas/tarefas.go:47.43,52.2 1 1
Pismo-Go-and-AWS-Course/module_3_exercise/tarefas/tarefas.go:58.76,60.21 2 1
Pismo-Go-and-AWS-Course/module_3_exercise/tarefas/tarefas.go:60.21,62.3 1 1
Pismo-Go-and-AWS-Course/module_3_exercise/tarefas/tarefas.go:64.2,73.20 4 1
Pismo-Go-and-AWS-Course/module_3_exercise/tarefas/tarefas.go:76.65,78.13 2 1
Pismo-Go-and-AWS-Course/module_3_exercise/tarefas/tarefas.go:78.13,80.3 1 1
Pismo-Go-and-AWS-Course/module_3_exercise/tarefas/tarefas.go:82.2,82.37 1 1
Pismo-Go-and-AWS-Course/module_3_exercise/tarefas/tarefas.go:82.37,85.3 2 1
Pismo-Go-and-AWS-Course/module_3_exercise/tarefas/tarefas.go:87.2,87.12 1 1
Pismo-Go-and-AWS-Course/module_3_exercise/tarefas/tarefas.go:90.59,91.41 1 1
Pismo-Go-and-AWS-Course/module_3_exercise/tarefas/tarefas.go:91.41,93.3 1 1
Pismo-Go-and-AWS-Course/module_3_exercise/tarefas/tarefas.go:95.2,96.12 2 1
Pismo-Go-and-AWS-Course/module_3_exercise/tarefas/tarefas.go:99.85,103.93 2 1
Pismo-Go-and-AWS-Course/module_3_exercise/tarefas/tarefas.go:103.93,105.3 1 1
Pismo-Go-and-AWS-Course/module_3_exercise/tarefas/tarefas.go:107.2,107.35 1 1
Pismo-Go-and-AWS-Course/module_3_exercise/tarefas/tarefas.go:107.35,108.58 1 1
Pismo-Go-and-AWS-Course/module_3_exercise/tarefas/tarefas.go:108.58,110.4 1 1
Pismo-Go-and-AWS-Course/module_3_exercise/tarefas/tarefas.go:114.2,114.42 1 1
Pismo-Go-and-AWS-Course/module_3_exercise/tarefas/tarefas.go:114.42,116.3 1 1
Pismo-Go-and-AWS-Course/module_3_exercise/tarefas/tarefas.go:118.2,118.21 1 1
Pismo-Go-and-AWS-Course/module_3_exercise/tarefas/tarefas.go:121.73,123.13 2 1
Pismo-Go-and-AWS-Course/module_3_exercise/tarefas/tarefas.go:123.13,125.3 1 1
Pismo-Go-and-AWS-Course/module_3_exercise/tarefas/tarefas.go:127.2,127.20 1 1
